<?xml version="1.0" encoding="UTF-8"?>
<!-- Generated by org.testng.reporters.JUnitXMLReporter -->
<testsuite ignored="0" hostname="Nemo" failures="1" tests="6" name="Test" time="10.573" errors="0" timestamp="2024-11-19T13:23:38 IST">
  <testcase classname="com.testng.SimpleAnnotations" name="women" time="0.01"/>
  <testcase classname="com.testng.SimpleAnnotations" name="men" time="0.011"/>
  <testcase classname="com.testng.SimpleAnnotations" name="kids" time="0.013"/>
  <testcase classname="com.testng.CrossBrowserTesting" name="ChromeBrowser" time="3.807"/>
  <testcase classname="com.testng.CrossBrowserTesting" name="EdgeBrowser" time="10.474"/>
  <testcase classname="com.testng.CrossBrowserTesting" name="FirefoxBrowser" time="10.545">
    <failure type="java.lang.AssertionError" message="***ERROR DURING TERMINATING BROWSER***">
      <![CDATA[java.lang.AssertionError: ***ERROR DURING TERMINATING BROWSER***
at org.junit.Assert.fail(Assert.java:89)
at com.baseclass.Baseclass.terminateBrowser(Baseclass.java:55)
at com.testng.CrossBrowserTesting.FirefoxBrowser(CrossBrowserTesting.java:32)
at java.base/java.util.concurrent.ThreadPoolExecutor.runWorker(ThreadPoolExecutor.java:1144)
at java.base/java.util.concurrent.ThreadPoolExecutor$Worker.run(ThreadPoolExecutor.java:642)
at java.base/java.lang.Thread.run(Thread.java:1583)
... Removed 10 stack frames]]>
    </failure>
  </testcase> <!-- FirefoxBrowser -->
</testsuite> <!-- Test -->
